DEBUG:root:Start parser:2018-05-16 11:21:42
DEBUG:urllib3.connectionpool:Starting new HTTPS connection (1): twitter.com
DEBUG:urllib3.connectionpool:Starting new HTTPS connection (1): twitter.com
DEBUG:urllib3.connectionpool:Starting new HTTPS connection (1): twitter.com
DEBUG:urllib3.connectionpool:Starting new HTTPS connection (1): twitter.com
DEBUG:urllib3.connectionpool:Starting new HTTPS connection (1): twitter.com
DEBUG:urllib3.connectionpool:Starting new HTTPS connection (1): twitter.com
DEBUG:urllib3.connectionpool:Starting new HTTPS connection (1): twitter.com
DEBUG:urllib3.connectionpool:Starting new HTTPS connection (1): twitter.com
DEBUG:urllib3.connectionpool:Starting new HTTPS connection (1): twitter.com
DEBUG:urllib3.connectionpool:Starting new HTTPS connection (1): twitter.com
DEBUG:urllib3.connectionpool:Starting new HTTPS connection (1): twitter.com
DEBUG:urllib3.connectionpool:Starting new HTTPS connection (1): twitter.com
DEBUG:urllib3.connectionpool:Starting new HTTPS connection (1): twitter.com
DEBUG:urllib3.connectionpool:Starting new HTTPS connection (1): twitter.com
DEBUG:urllib3.connectionpool:Starting new HTTPS connection (1): twitter.com
DEBUG:urllib3.connectionpool:Starting new HTTPS connection (1): twitter.com
DEBUG:urllib3.connectionpool:Starting new HTTPS connection (1): twitter.com
DEBUG:urllib3.connectionpool:Starting new HTTPS connection (1): twitter.com
DEBUG:urllib3.connectionpool:Starting new HTTPS connection (1): twitter.com
DEBUG:urllib3.connectionpool:Starting new HTTPS connection (1): twitter.com
DEBUG:urllib3.connectionpool:Starting new HTTPS connection (1): twitter.com
DEBUG:urllib3.connectionpool:Starting new HTTPS connection (1): twitter.com
DEBUG:urllib3.connectionpool:Starting new HTTPS connection (1): twitter.com
DEBUG:urllib3.connectionpool:Starting new HTTPS connection (1): twitter.com
DEBUG:urllib3.connectionpool:Starting new HTTPS connection (1): twitter.com
DEBUG:urllib3.connectionpool:Starting new HTTPS connection (1): twitter.com
DEBUG:urllib3.connectionpool:Starting new HTTPS connection (1): twitter.com
DEBUG:urllib3.connectionpool:Starting new HTTPS connection (1): twitter.com
DEBUG:urllib3.connectionpool:https://twitter.com:443 "GET /steemit HTTP/1.1" 200 49438
DEBUG:urllib3.connectionpool:https://twitter.com:443 "GET /nanocurrency HTTP/1.1" 200 48613
DEBUG:urllib3.connectionpool:https://twitter.com:443 "GET /omise_go HTTP/1.1" 200 53221
DEBUG:urllib3.connectionpool:https://twitter.com:443 "GET /ethereum HTTP/1.1" 200 47652
DEBUG:urllib3.connectionpool:https://twitter.com:443 "GET /bitcoingold HTTP/1.1" 200 52766
DEBUG:urllib3.connectionpool:https://twitter.com:443 "GET /EOS_io HTTP/1.1" 200 51661
DEBUG:urllib3.connectionpool:https://twitter.com:443 "GET /stratisplatform HTTP/1.1" 200 51004
DEBUG:urllib3.connectionpool:https://twitter.com:443 "GET /OntologyNetwork HTTP/1.1" 200 50279
DEBUG:urllib3.connectionpool:https://twitter.com:443 "GET /Ripple HTTP/1.1" 200 50828
DEBUG:urllib3.connectionpool:https://twitter.com:443 "GET /Dashpay HTTP/1.1" 200 51086
DEBUG:urllib3.connectionpool:https://twitter.com:443 "GET /BitPopulous HTTP/1.1" 200 49380
DEBUG:urllib3.connectionpool:https://twitter.com:443 "GET /CardanoStiftung HTTP/1.1" 200 53578
DEBUG:urllib3.connectionpool:https://twitter.com:443 "GET /Tronfoundation HTTP/1.1" 200 51190
DEBUG:urllib3.connectionpool:https://twitter.com:443 "GET /zcashco HTTP/1.1" 200 54051
DEBUG:urllib3.connectionpool:https://twitter.com:443 "GET /LiskHQ HTTP/1.1" 200 60107
DEBUG:urllib3.connectionpool:https://twitter.com:443 "GET /helloiconworld HTTP/1.1" 200 51305
DEBUG:urllib3.connectionpool:https://twitter.com:443 "GET /QtumOfficial HTTP/1.1" 200 52957
DEBUG:urllib3.connectionpool:https://twitter.com:443 "GET /NEMofficial HTTP/1.1" 200 52972
DEBUG:urllib3.connectionpool:https://twitter.com:443 "GET /iotatoken HTTP/1.1" 200 53549
DEBUG:urllib3.connectionpool:https://twitter.com:443 "GET /StellarOrg HTTP/1.1" 200 53554
DEBUG:urllib3.connectionpool:https://twitter.com:443 "GET /vergecurrency HTTP/1.1" 200 52132
DEBUG:urllib3.connectionpool:https://twitter.com:443 "GET /eth_classic HTTP/1.1" 200 56783
DEBUG:urllib3.connectionpool:https://twitter.com:443 "GET /vechainofficial HTTP/1.1" 200 54031
DEBUG:urllib3.connectionpool:https://twitter.com:443 "GET /DigixGlobal HTTP/1.1" 200 53777
DEBUG:urllib3.connectionpool:https://twitter.com:443 "GET /LitecoinProject HTTP/1.1" 200 46447
DEBUG:urllib3.connectionpool:https://twitter.com:443 "GET /monerocurrency HTTP/1.1" 200 53253
DEBUG:urllib3.connectionpool:https://twitter.com:443 "GET /NEO_Blockchain HTTP/1.1" 200 54490
DEBUG:urllib3.connectionpool:https://twitter.com:443 "GET /bitshares HTTP/1.1" 200 50105
