DEBUG:root:Start parser:2018-05-16 11:23:46
DEBUG:urllib3.connectionpool:Starting new HTTPS connection (1): twitter.com
DEBUG:urllib3.connectionpool:Starting new HTTPS connection (1): twitter.com
DEBUG:urllib3.connectionpool:Starting new HTTPS connection (1): twitter.com
DEBUG:urllib3.connectionpool:Starting new HTTPS connection (1): twitter.com
DEBUG:urllib3.connectionpool:Starting new HTTPS connection (1): twitter.com
DEBUG:urllib3.connectionpool:Starting new HTTPS connection (1): twitter.com
DEBUG:urllib3.connectionpool:Starting new HTTPS connection (1): twitter.com
DEBUG:urllib3.connectionpool:Starting new HTTPS connection (1): twitter.com
DEBUG:urllib3.connectionpool:Starting new HTTPS connection (1): twitter.com
DEBUG:urllib3.connectionpool:Starting new HTTPS connection (1): twitter.com
DEBUG:urllib3.connectionpool:Starting new HTTPS connection (1): twitter.com
DEBUG:urllib3.connectionpool:Starting new HTTPS connection (1): twitter.com
DEBUG:urllib3.connectionpool:Starting new HTTPS connection (1): twitter.com
DEBUG:urllib3.connectionpool:Starting new HTTPS connection (1): twitter.com
DEBUG:urllib3.connectionpool:Starting new HTTPS connection (1): twitter.com
DEBUG:urllib3.connectionpool:Starting new HTTPS connection (1): twitter.com
DEBUG:urllib3.connectionpool:Starting new HTTPS connection (1): twitter.com
DEBUG:urllib3.connectionpool:Starting new HTTPS connection (1): twitter.com
DEBUG:urllib3.connectionpool:Starting new HTTPS connection (1): twitter.com
DEBUG:urllib3.connectionpool:Starting new HTTPS connection (1): twitter.com
DEBUG:urllib3.connectionpool:Starting new HTTPS connection (1): twitter.com
DEBUG:urllib3.connectionpool:Starting new HTTPS connection (1): twitter.com
DEBUG:urllib3.connectionpool:Starting new HTTPS connection (1): twitter.com
DEBUG:urllib3.connectionpool:Starting new HTTPS connection (1): twitter.com
DEBUG:urllib3.connectionpool:Starting new HTTPS connection (1): twitter.com
DEBUG:urllib3.connectionpool:Starting new HTTPS connection (1): twitter.com
DEBUG:urllib3.connectionpool:Starting new HTTPS connection (1): twitter.com
DEBUG:urllib3.connectionpool:Starting new HTTPS connection (1): twitter.com
DEBUG:urllib3.connectionpool:https://twitter.com:443 "GET /omise_go HTTP/1.1" 200 53220
DEBUG:urllib3.connectionpool:https://twitter.com:443 "GET /BitPopulous HTTP/1.1" 200 49379
DEBUG:urllib3.connectionpool:https://twitter.com:443 "GET /helloiconworld HTTP/1.1" 200 51297
DEBUG:urllib3.connectionpool:https://twitter.com:443 "GET /LitecoinProject HTTP/1.1" 200 46431
DEBUG:urllib3.connectionpool:https://twitter.com:443 "GET /stratisplatform HTTP/1.1" 200 50999
DEBUG:urllib3.connectionpool:https://twitter.com:443 "GET /zcashco HTTP/1.1" 200 54049
DEBUG:urllib3.connectionpool:https://twitter.com:443 "GET /steemit HTTP/1.1" 200 49447
DEBUG:urllib3.connectionpool:https://twitter.com:443 "GET /eth_classic HTTP/1.1" 200 56787
DEBUG:urllib3.connectionpool:https://twitter.com:443 "GET /vergecurrency HTTP/1.1" 200 52133
DEBUG:urllib3.connectionpool:https://twitter.com:443 "GET /Dashpay HTTP/1.1" 200 51095
DEBUG:urllib3.connectionpool:https://twitter.com:443 "GET /OntologyNetwork HTTP/1.1" 200 50270
DEBUG:urllib3.connectionpool:https://twitter.com:443 "GET /bitshares HTTP/1.1" 200 50115
DEBUG:urllib3.connectionpool:https://twitter.com:443 "GET /NEO_Blockchain HTTP/1.1" 200 54495
DEBUG:urllib3.connectionpool:https://twitter.com:443 "GET /ethereum HTTP/1.1" 200 47638
DEBUG:urllib3.connectionpool:https://twitter.com:443 "GET /Tronfoundation HTTP/1.1" 200 51185
DEBUG:urllib3.connectionpool:https://twitter.com:443 "GET /QtumOfficial HTTP/1.1" 200 52958
DEBUG:urllib3.connectionpool:https://twitter.com:443 "GET /iotatoken HTTP/1.1" 200 53557
DEBUG:urllib3.connectionpool:https://twitter.com:443 "GET /NEMofficial HTTP/1.1" 200 52970
DEBUG:urllib3.connectionpool:https://twitter.com:443 "GET /CardanoStiftung HTTP/1.1" 200 53567
DEBUG:urllib3.connectionpool:https://twitter.com:443 "GET /nanocurrency HTTP/1.1" 200 48609
DEBUG:urllib3.connectionpool:https://twitter.com:443 "GET /EOS_io HTTP/1.1" 200 51677
DEBUG:urllib3.connectionpool:https://twitter.com:443 "GET /LiskHQ HTTP/1.1" 200 60092
DEBUG:urllib3.connectionpool:https://twitter.com:443 "GET /DigixGlobal HTTP/1.1" 200 53780
DEBUG:urllib3.connectionpool:https://twitter.com:443 "GET /Ripple HTTP/1.1" 200 50834
DEBUG:urllib3.connectionpool:https://twitter.com:443 "GET /bitcoingold HTTP/1.1" 200 52769
DEBUG:urllib3.connectionpool:https://twitter.com:443 "GET /vechainofficial HTTP/1.1" 200 54032
DEBUG:urllib3.connectionpool:https://twitter.com:443 "GET /StellarOrg HTTP/1.1" 200 53559
DEBUG:urllib3.connectionpool:https://twitter.com:443 "GET /monerocurrency HTTP/1.1" 200 53254
DEBUG:root:Find news
DEBUG:root:Find news
DEBUG:urllib3.connectionpool:Starting new HTTPS connection (1): twitter.com
DEBUG:root:Find news
DEBUG:urllib3.connectionpool:Starting new HTTPS connection (1): twitter.com
DEBUG:urllib3.connectionpool:Starting new HTTPS connection (1): twitter.com
DEBUG:urllib3.connectionpool:Starting new HTTPS connection (1): twitter.com
DEBUG:urllib3.connectionpool:Starting new HTTPS connection (1): twitter.com
DEBUG:urllib3.connectionpool:Starting new HTTPS connection (1): twitter.com
DEBUG:root:Find news
DEBUG:urllib3.connectionpool:Starting new HTTPS connection (1): twitter.com
DEBUG:urllib3.connectionpool:Starting new HTTPS connection (1): twitter.com
DEBUG:root:Find news
DEBUG:urllib3.connectionpool:Starting new HTTPS connection (1): twitter.com
DEBUG:urllib3.connectionpool:Starting new HTTPS connection (1): twitter.com
DEBUG:urllib3.connectionpool:Starting new HTTPS connection (1): twitter.com
DEBUG:root:Find news
DEBUG:urllib3.connectionpool:Starting new HTTPS connection (1): twitter.com
DEBUG:urllib3.connectionpool:Starting new HTTPS connection (1): twitter.com
DEBUG:urllib3.connectionpool:Starting new HTTPS connection (1): twitter.com
DEBUG:urllib3.connectionpool:Starting new HTTPS connection (1): twitter.com
DEBUG:urllib3.connectionpool:Starting new HTTPS connection (1): twitter.com
DEBUG:urllib3.connectionpool:Starting new HTTPS connection (1): twitter.com
DEBUG:root:Find news
DEBUG:urllib3.connectionpool:Starting new HTTPS connection (1): twitter.com
DEBUG:urllib3.connectionpool:Starting new HTTPS connection (1): twitter.com
DEBUG:urllib3.connectionpool:Starting new HTTPS connection (1): coinzaa.com
DEBUG:urllib3.connectionpool:Starting new HTTPS connection (1): coinzaa.com
DEBUG:urllib3.connectionpool:Starting new HTTPS connection (1): twitter.com
DEBUG:urllib3.connectionpool:Starting new HTTPS connection (1): twitter.com
DEBUG:urllib3.connectionpool:Starting new HTTPS connection (1): twitter.com
DEBUG:urllib3.connectionpool:Starting new HTTPS connection (1): twitter.com
DEBUG:urllib3.connectionpool:Starting new HTTPS connection (1): twitter.com
DEBUG:urllib3.connectionpool:Starting new HTTPS connection (1): twitter.com
DEBUG:urllib3.connectionpool:Starting new HTTPS connection (1): coinzaa.com
DEBUG:urllib3.connectionpool:Starting new HTTPS connection (1): coinzaa.com
DEBUG:urllib3.connectionpool:Starting new HTTPS connection (1): coinzaa.com
DEBUG:urllib3.connectionpool:Starting new HTTPS connection (1): twitter.com
DEBUG:urllib3.connectionpool:Starting new HTTPS connection (1): coinzaa.com
DEBUG:urllib3.connectionpool:Starting new HTTPS connection (1): twitter.com
DEBUG:urllib3.connectionpool:Starting new HTTPS connection (1): twitter.com
DEBUG:urllib3.connectionpool:Starting new HTTPS connection (1): coinzaa.com
DEBUG:urllib3.connectionpool:https://twitter.com:443 "GET /bitshares HTTP/1.1" 200 50102
DEBUG:urllib3.connectionpool:https://twitter.com:443 "GET /steemit HTTP/1.1" 200 49445
DEBUG:urllib3.connectionpool:https://twitter.com:443 "GET /OntologyNetwork HTTP/1.1" 200 50273
DEBUG:urllib3.connectionpool:https://twitter.com:443 "GET /BitPopulous HTTP/1.1" 200 49374
DEBUG:urllib3.connectionpool:https://coinzaa.com:443 "GET /tools/binex HTTP/1.1" 200 23884
DEBUG:urllib3.connectionpool:https://twitter.com:443 "GET /helloiconworld HTTP/1.1" 200 51297
DEBUG:urllib3.connectionpool:https://coinzaa.com:443 "GET /tools/binex HTTP/1.1" 200 23823
DEBUG:urllib3.connectionpool:https://twitter.com:443 "GET /nanocurrency HTTP/1.1" 200 48608
DEBUG:urllib3.connectionpool:https://coinzaa.com:443 "GET /tools/binex HTTP/1.1" 200 23889
DEBUG:urllib3.connectionpool:https://twitter.com:443 "GET /Dashpay HTTP/1.1" 200 51092
DEBUG:urllib3.connectionpool:https://twitter.com:443 "GET /NEMofficial HTTP/1.1" 200 52973
DEBUG:urllib3.connectionpool:https://coinzaa.com:443 "GET /tools/binex HTTP/1.1" 200 23882
DEBUG:urllib3.connectionpool:https://twitter.com:443 "GET /ethereum HTTP/1.1" 200 47643
DEBUG:urllib3.connectionpool:https://twitter.com:443 "GET /EOS_io HTTP/1.1" 200 51677
DEBUG:urllib3.connectionpool:https://twitter.com:443 "GET /Tronfoundation HTTP/1.1" 200 51188
DEBUG:urllib3.connectionpool:https://coinzaa.com:443 "GET /tools/binex HTTP/1.1" 200 23887
DEBUG:urllib3.connectionpool:https://twitter.com:443 "GET /stratisplatform HTTP/1.1" 200 51000
DEBUG:urllib3.connectionpool:https://twitter.com:443 "GET /LitecoinProject HTTP/1.1" 200 46439
DEBUG:urllib3.connectionpool:https://coinzaa.com:443 "GET /tools/binex HTTP/1.1" 200 23887
DEBUG:urllib3.connectionpool:https://coinzaa.com:443 "GET /tools/binex HTTP/1.1" 200 23887
DEBUG:urllib3.connectionpool:https://twitter.com:443 "GET /monerocurrency HTTP/1.1" 200 53248
DEBUG:urllib3.connectionpool:https://twitter.com:443 "GET /DigixGlobal HTTP/1.1" 200 53773
DEBUG:urllib3.connectionpool:https://twitter.com:443 "GET /CardanoStiftung HTTP/1.1" 200 53592
DEBUG:urllib3.connectionpool:https://twitter.com:443 "GET /Ripple HTTP/1.1" 200 50830
DEBUG:urllib3.connectionpool:https://twitter.com:443 "GET /zcashco HTTP/1.1" 200 54041
DEBUG:urllib3.connectionpool:https://twitter.com:443 "GET /bitcoingold HTTP/1.1" 200 52765
DEBUG:urllib3.connectionpool:https://twitter.com:443 "GET /QtumOfficial HTTP/1.1" 200 52950
DEBUG:urllib3.connectionpool:https://twitter.com:443 "GET /vechainofficial HTTP/1.1" 200 54019
DEBUG:urllib3.connectionpool:https://twitter.com:443 "GET /iotatoken HTTP/1.1" 200 53552
DEBUG:urllib3.connectionpool:https://twitter.com:443 "GET /vergecurrency HTTP/1.1" 200 52133
DEBUG:urllib3.connectionpool:https://twitter.com:443 "GET /StellarOrg HTTP/1.1" 200 53561
DEBUG:urllib3.connectionpool:https://twitter.com:443 "GET /eth_classic HTTP/1.1" 200 56782
DEBUG:urllib3.connectionpool:https://twitter.com:443 "GET /NEO_Blockchain HTTP/1.1" 200 54491
DEBUG:urllib3.connectionpool:https://twitter.com:443 "GET /LiskHQ HTTP/1.1" 200 60095
